{"/home/pjjpb/hackreactor/antonio/products/index.js": {"path":"/home/pjjpb/hackreactor/antonio/products/index.js","statementMap":{"0":{"start":{"line":1,"column":16},"end":{"line":1,"column":34}},"1":{"start":{"line":2,"column":11},"end":{"line":2,"column":43}},"2":{"start":{"line":5,"column":12},"end":{"line":5,"column":21}},"3":{"start":{"line":6,"column":0},"end":{"line":6,"column":23}},"4":{"start":{"line":9,"column":13},"end":{"line":9,"column":17}},"5":{"start":{"line":11,"column":0},"end":{"line":13,"column":2}},"6":{"start":{"line":12,"column":2},"end":{"line":12,"column":26}},"7":{"start":{"line":16,"column":0},"end":{"line":21,"column":2}},"8":{"start":{"line":17,"column":2},"end":{"line":17,"column":37}},"9":{"start":{"line":18,"column":2},"end":{"line":20,"column":45}},"10":{"start":{"line":19,"column":21},"end":{"line":19,"column":55}},"11":{"start":{"line":20,"column":18},"end":{"line":20,"column":43}},"12":{"start":{"line":25,"column":0},"end":{"line":51,"column":2}},"13":{"start":{"line":26,"column":2},"end":{"line":26,"column":58}},"14":{"start":{"line":27,"column":2},"end":{"line":50,"column":45}},"15":{"start":{"line":29,"column":27},"end":{"line":29,"column":29}},"16":{"start":{"line":30,"column":21},"end":{"line":30,"column":23}},"17":{"start":{"line":31,"column":6},"end":{"line":37,"column":8}},"18":{"start":{"line":31,"column":19},"end":{"line":31,"column":20}},"19":{"start":{"line":32,"column":25},"end":{"line":35,"column":9}},"20":{"start":{"line":36,"column":9},"end":{"line":36,"column":34}},"21":{"start":{"line":39,"column":7},"end":{"line":39,"column":62}},"22":{"start":{"line":40,"column":7},"end":{"line":40,"column":57}},"23":{"start":{"line":41,"column":7},"end":{"line":41,"column":62}},"24":{"start":{"line":42,"column":7},"end":{"line":42,"column":72}},"25":{"start":{"line":43,"column":7},"end":{"line":43,"column":66}},"26":{"start":{"line":44,"column":7},"end":{"line":44,"column":76}},"27":{"start":{"line":45,"column":7},"end":{"line":45,"column":45}},"28":{"start":{"line":47,"column":6},"end":{"line":47,"column":29}},"29":{"start":{"line":49,"column":28},"end":{"line":49,"column":64}},"30":{"start":{"line":50,"column":18},"end":{"line":50,"column":43}},"31":{"start":{"line":54,"column":0},"end":{"line":152,"column":2}},"32":{"start":{"line":55,"column":2},"end":{"line":55,"column":61}},"33":{"start":{"line":56,"column":2},"end":{"line":151,"column":44}},"34":{"start":{"line":57,"column":25},"end":{"line":57,"column":40}},"35":{"start":{"line":59,"column":27},"end":{"line":62,"column":27}},"36":{"start":{"line":64,"column":27},"end":{"line":64,"column":29}},"37":{"start":{"line":65,"column":6},"end":{"line":75,"column":7}},"38":{"start":{"line":65,"column":19},"end":{"line":65,"column":20}},"39":{"start":{"line":66,"column":8},"end":{"line":74,"column":9}},"40":{"start":{"line":67,"column":10},"end":{"line":67,"column":116}},"41":{"start":{"line":69,"column":10},"end":{"line":73,"column":119}},"42":{"start":{"line":73,"column":12},"end":{"line":73,"column":119}},"43":{"start":{"line":77,"column":25},"end":{"line":77,"column":27}},"44":{"start":{"line":78,"column":6},"end":{"line":93,"column":7}},"45":{"start":{"line":78,"column":19},"end":{"line":78,"column":20}},"46":{"start":{"line":79,"column":8},"end":{"line":92,"column":9}},"47":{"start":{"line":80,"column":10},"end":{"line":83,"column":13}},"48":{"start":{"line":86,"column":10},"end":{"line":91,"column":11}},"49":{"start":{"line":87,"column":12},"end":{"line":90,"column":14}},"50":{"start":{"line":95,"column":25},"end":{"line":95,"column":27}},"51":{"start":{"line":97,"column":6},"end":{"line":113,"column":7}},"52":{"start":{"line":97,"column":19},"end":{"line":97,"column":20}},"53":{"start":{"line":98,"column":8},"end":{"line":112,"column":9}},"54":{"start":{"line":99,"column":10},"end":{"line":99,"column":19}},"55":{"start":{"line":101,"column":10},"end":{"line":101,"column":47}},"56":{"start":{"line":102,"column":25},"end":{"line":102,"column":27}},"57":{"start":{"line":104,"column":10},"end":{"line":111,"column":50}},"58":{"start":{"line":114,"column":6},"end":{"line":114,"column":28}},"59":{"start":{"line":118,"column":8},"end":{"line":118,"column":41}},"60":{"start":{"line":120,"column":6},"end":{"line":131,"column":7}},"61":{"start":{"line":120,"column":19},"end":{"line":120,"column":20}},"62":{"start":{"line":121,"column":19},"end":{"line":121,"column":21}},"63":{"start":{"line":122,"column":8},"end":{"line":129,"column":9}},"64":{"start":{"line":122,"column":21},"end":{"line":122,"column":22}},"65":{"start":{"line":123,"column":25},"end":{"line":123,"column":68}},"66":{"start":{"line":124,"column":10},"end":{"line":128,"column":11}},"67":{"start":{"line":125,"column":12},"end":{"line":125,"column":47}},"68":{"start":{"line":127,"column":12},"end":{"line":127,"column":32}},"69":{"start":{"line":130,"column":8},"end":{"line":130,"column":78}},"70":{"start":{"line":133,"column":6},"end":{"line":144,"column":7}},"71":{"start":{"line":133,"column":19},"end":{"line":133,"column":20}},"72":{"start":{"line":134,"column":21},"end":{"line":134,"column":23}},"73":{"start":{"line":135,"column":8},"end":{"line":142,"column":9}},"74":{"start":{"line":135,"column":21},"end":{"line":135,"column":22}},"75":{"start":{"line":136,"column":25},"end":{"line":136,"column":70}},"76":{"start":{"line":137,"column":10},"end":{"line":141,"column":11}},"77":{"start":{"line":138,"column":12},"end":{"line":138,"column":49}},"78":{"start":{"line":140,"column":12},"end":{"line":140,"column":34}},"79":{"start":{"line":143,"column":8},"end":{"line":143,"column":81}},"80":{"start":{"line":146,"column":6},"end":{"line":146,"column":40}},"81":{"start":{"line":148,"column":6},"end":{"line":148,"column":19}},"82":{"start":{"line":150,"column":24},"end":{"line":150,"column":56}},"83":{"start":{"line":151,"column":18},"end":{"line":151,"column":43}},"84":{"start":{"line":155,"column":0},"end":{"line":166,"column":2}},"85":{"start":{"line":156,"column":2},"end":{"line":156,"column":41}},"86":{"start":{"line":157,"column":2},"end":{"line":165,"column":44}},"87":{"start":{"line":159,"column":25},"end":{"line":159,"column":27}},"88":{"start":{"line":160,"column":6},"end":{"line":162,"column":7}},"89":{"start":{"line":160,"column":19},"end":{"line":160,"column":20}},"90":{"start":{"line":161,"column":8},"end":{"line":161,"column":65}},"91":{"start":{"line":163,"column":6},"end":{"line":163,"column":40}},"92":{"start":{"line":165,"column":18},"end":{"line":165,"column":43}},"93":{"start":{"line":169,"column":0},"end":{"line":171,"column":2}},"94":{"start":{"line":170,"column":2},"end":{"line":170,"column":66}}},"fnMap":{"0":{"name":"(anonymous_0)","decl":{"start":{"line":11,"column":13},"end":{"line":11,"column":14}},"loc":{"start":{"line":11,"column":27},"end":{"line":13,"column":1}},"line":11},"1":{"name":"(anonymous_1)","decl":{"start":{"line":16,"column":21},"end":{"line":16,"column":22}},"loc":{"start":{"line":16,"column":35},"end":{"line":21,"column":1}},"line":16},"2":{"name":"(anonymous_2)","decl":{"start":{"line":19,"column":10},"end":{"line":19,"column":11}},"loc":{"start":{"line":19,"column":21},"end":{"line":19,"column":55}},"line":19},"3":{"name":"(anonymous_3)","decl":{"start":{"line":20,"column":11},"end":{"line":20,"column":12}},"loc":{"start":{"line":20,"column":18},"end":{"line":20,"column":43}},"line":20},"4":{"name":"(anonymous_4)","decl":{"start":{"line":25,"column":33},"end":{"line":25,"column":34}},"loc":{"start":{"line":25,"column":47},"end":{"line":51,"column":1}},"line":25},"5":{"name":"(anonymous_5)","decl":{"start":{"line":28,"column":10},"end":{"line":28,"column":11}},"loc":{"start":{"line":28,"column":23},"end":{"line":48,"column":5}},"line":28},"6":{"name":"(anonymous_6)","decl":{"start":{"line":49,"column":10},"end":{"line":49,"column":11}},"loc":{"start":{"line":49,"column":28},"end":{"line":49,"column":64}},"line":49},"7":{"name":"(anonymous_7)","decl":{"start":{"line":50,"column":11},"end":{"line":50,"column":12}},"loc":{"start":{"line":50,"column":18},"end":{"line":50,"column":43}},"line":50},"8":{"name":"(anonymous_8)","decl":{"start":{"line":54,"column":40},"end":{"line":54,"column":41}},"loc":{"start":{"line":54,"column":54},"end":{"line":152,"column":1}},"line":54},"9":{"name":"(anonymous_9)","decl":{"start":{"line":57,"column":10},"end":{"line":57,"column":11}},"loc":{"start":{"line":57,"column":25},"end":{"line":57,"column":40}},"line":57},"10":{"name":"(anonymous_10)","decl":{"start":{"line":58,"column":10},"end":{"line":58,"column":11}},"loc":{"start":{"line":58,"column":18},"end":{"line":115,"column":5}},"line":58},"11":{"name":"(anonymous_11)","decl":{"start":{"line":116,"column":10},"end":{"line":116,"column":11}},"loc":{"start":{"line":116,"column":19},"end":{"line":149,"column":5}},"line":116},"12":{"name":"isNotNull","decl":{"start":{"line":117,"column":15},"end":{"line":117,"column":24}},"loc":{"start":{"line":117,"column":32},"end":{"line":119,"column":7}},"line":117},"13":{"name":"(anonymous_13)","decl":{"start":{"line":150,"column":10},"end":{"line":150,"column":11}},"loc":{"start":{"line":150,"column":24},"end":{"line":150,"column":56}},"line":150},"14":{"name":"(anonymous_14)","decl":{"start":{"line":151,"column":11},"end":{"line":151,"column":12}},"loc":{"start":{"line":151,"column":18},"end":{"line":151,"column":43}},"line":151},"15":{"name":"(anonymous_15)","decl":{"start":{"line":155,"column":41},"end":{"line":155,"column":42}},"loc":{"start":{"line":155,"column":55},"end":{"line":166,"column":1}},"line":155},"16":{"name":"(anonymous_16)","decl":{"start":{"line":158,"column":10},"end":{"line":158,"column":11}},"loc":{"start":{"line":158,"column":22},"end":{"line":164,"column":5}},"line":158},"17":{"name":"(anonymous_17)","decl":{"start":{"line":165,"column":11},"end":{"line":165,"column":12}},"loc":{"start":{"line":165,"column":18},"end":{"line":165,"column":43}},"line":165},"18":{"name":"(anonymous_18)","decl":{"start":{"line":169,"column":17},"end":{"line":169,"column":18}},"loc":{"start":{"line":169,"column":23},"end":{"line":171,"column":1}},"line":169}},"branchMap":{"0":{"loc":{"start":{"line":66,"column":8},"end":{"line":74,"column":9}},"type":"if","locations":[{"start":{"line":66,"column":8},"end":{"line":74,"column":9}},{"start":{"line":68,"column":15},"end":{"line":74,"column":9}}],"line":66},"1":{"loc":{"start":{"line":69,"column":10},"end":{"line":73,"column":119}},"type":"if","locations":[{"start":{"line":69,"column":10},"end":{"line":73,"column":119}},{"start":{},"end":{}}],"line":69},"2":{"loc":{"start":{"line":79,"column":8},"end":{"line":92,"column":9}},"type":"if","locations":[{"start":{"line":79,"column":8},"end":{"line":92,"column":9}},{"start":{"line":84,"column":15},"end":{"line":92,"column":9}}],"line":79},"3":{"loc":{"start":{"line":86,"column":10},"end":{"line":91,"column":11}},"type":"if","locations":[{"start":{"line":86,"column":10},"end":{"line":91,"column":11}},{"start":{},"end":{}}],"line":86},"4":{"loc":{"start":{"line":98,"column":8},"end":{"line":112,"column":9}},"type":"if","locations":[{"start":{"line":98,"column":8},"end":{"line":112,"column":9}},{"start":{"line":100,"column":15},"end":{"line":112,"column":9}}],"line":98},"5":{"loc":{"start":{"line":124,"column":10},"end":{"line":128,"column":11}},"type":"if","locations":[{"start":{"line":124,"column":10},"end":{"line":128,"column":11}},{"start":{"line":126,"column":17},"end":{"line":128,"column":11}}],"line":124},"6":{"loc":{"start":{"line":137,"column":10},"end":{"line":141,"column":11}},"type":"if","locations":[{"start":{"line":137,"column":10},"end":{"line":141,"column":11}},{"start":{"line":139,"column":17},"end":{"line":141,"column":11}}],"line":137}},"s":{"0":0,"1":0,"2":0,"3":0,"4":0,"5":0,"6":0,"7":0,"8":0,"9":0,"10":0,"11":0,"12":0,"13":0,"14":0,"15":0,"16":0,"17":0,"18":0,"19":0,"20":0,"21":0,"22":0,"23":0,"24":0,"25":0,"26":0,"27":0,"28":0,"29":0,"30":0,"31":0,"32":0,"33":0,"34":0,"35":0,"36":0,"37":0,"38":0,"39":0,"40":0,"41":0,"42":0,"43":0,"44":0,"45":0,"46":0,"47":0,"48":0,"49":0,"50":0,"51":0,"52":0,"53":0,"54":0,"55":0,"56":0,"57":0,"58":0,"59":0,"60":0,"61":0,"62":0,"63":0,"64":0,"65":0,"66":0,"67":0,"68":0,"69":0,"70":0,"71":0,"72":0,"73":0,"74":0,"75":0,"76":0,"77":0,"78":0,"79":0,"80":0,"81":0,"82":0,"83":0,"84":0,"85":0,"86":0,"87":0,"88":0,"89":0,"90":0,"91":0,"92":0,"93":0,"94":0},"f":{"0":0,"1":0,"2":0,"3":0,"4":0,"5":0,"6":0,"7":0,"8":0,"9":0,"10":0,"11":0,"12":0,"13":0,"14":0,"15":0,"16":0,"17":0,"18":0},"b":{"0":[0,0],"1":[0,0],"2":[0,0],"3":[0,0],"4":[0,0],"5":[0,0],"6":[0,0]}}
,"/home/pjjpb/hackreactor/antonio/products/database/queries.js": {"path":"/home/pjjpb/hackreactor/antonio/products/database/queries.js","statementMap":{"0":{"start":{"line":1,"column":17},"end":{"line":1,"column":30}},"1":{"start":{"line":4,"column":14},"end":{"line":8,"column":2}},"2":{"start":{"line":12,"column":20},"end":{"line":12,"column":22}},"3":{"start":{"line":14,"column":0},"end":{"line":23,"column":1}},"4":{"start":{"line":16,"column":19},"end":{"line":16,"column":20}},"5":{"start":{"line":17,"column":2},"end":{"line":19,"column":3}},"6":{"start":{"line":18,"column":4},"end":{"line":18,"column":37}},"7":{"start":{"line":21,"column":19},"end":{"line":21,"column":75}},"8":{"start":{"line":22,"column":2},"end":{"line":22,"column":18}},"9":{"start":{"line":25,"column":0},"end":{"line":29,"column":1}},"10":{"start":{"line":26,"column":16},"end":{"line":26,"column":41}},"11":{"start":{"line":27,"column":19},"end":{"line":27,"column":148}},"12":{"start":{"line":28,"column":2},"end":{"line":28,"column":18}},"13":{"start":{"line":31,"column":0},"end":{"line":48,"column":1}},"14":{"start":{"line":32,"column":16},"end":{"line":32,"column":41}},"15":{"start":{"line":39,"column":19},"end":{"line":46,"column":34}},"16":{"start":{"line":47,"column":2},"end":{"line":47,"column":18}},"17":{"start":{"line":50,"column":0},"end":{"line":55,"column":1}},"18":{"start":{"line":51,"column":16},"end":{"line":51,"column":41}},"19":{"start":{"line":52,"column":19},"end":{"line":52,"column":93}},"20":{"start":{"line":53,"column":2},"end":{"line":53,"column":26}},"21":{"start":{"line":54,"column":2},"end":{"line":54,"column":18}},"22":{"start":{"line":57,"column":0},"end":{"line":57,"column":28}}},"fnMap":{"0":{"name":"(anonymous_0)","decl":{"start":{"line":14,"column":26},"end":{"line":14,"column":27}},"loc":{"start":{"line":14,"column":44},"end":{"line":23,"column":1}},"line":14},"1":{"name":"(anonymous_1)","decl":{"start":{"line":25,"column":27},"end":{"line":25,"column":28}},"loc":{"start":{"line":25,"column":40},"end":{"line":29,"column":1}},"line":25},"2":{"name":"(anonymous_2)","decl":{"start":{"line":31,"column":31},"end":{"line":31,"column":32}},"loc":{"start":{"line":31,"column":44},"end":{"line":48,"column":1}},"line":31},"3":{"name":"(anonymous_3)","decl":{"start":{"line":50,"column":25},"end":{"line":50,"column":26}},"loc":{"start":{"line":50,"column":43},"end":{"line":55,"column":1}},"line":50}},"branchMap":{"0":{"loc":{"start":{"line":17,"column":2},"end":{"line":19,"column":3}},"type":"if","locations":[{"start":{"line":17,"column":2},"end":{"line":19,"column":3}},{"start":{},"end":{}}],"line":17}},"s":{"0":0,"1":0,"2":0,"3":0,"4":0,"5":0,"6":0,"7":0,"8":0,"9":0,"10":0,"11":0,"12":0,"13":0,"14":0,"15":0,"16":0,"17":0,"18":0,"19":0,"20":0,"21":0,"22":0},"f":{"0":0,"1":0,"2":0,"3":0},"b":{"0":[0,0]}}
}
